# JRE version: OpenJDK Runtime Environment Temurin-17.0.3+7 (17.0.3+7) (build 17.0.3+7)
# Java VM: OpenJDK 64-Bit Server VM Temurin-17.0.3+7 (17.0.3+7, mixed mode, sharing, tiered, compressed oops, compressed class ptrs, parallel gc, linux-amd64)
GC Precious Log:
 CPUs: 2 total, 2 available
 Memory: 1536M
 Large Page Support: Disabled
 NUMA Support: Disabled
 Compressed Oops: Enabled (32-bit)
 Alignments: Space 512K, Generation 512K, Heap 2M
 Heap Min Capacity: 100M
 Heap Initial Capacity: 100M
 Heap Max Capacity: 1G
 Pre-touch: Disabled
 Parallel Workers: 2
Heap:
 PSYoungGen      total 47616K, used 39083K [0x00000000eab00000, 0x00000000ee600000, 0x0000000100000000)
  eden space 34816K, 79% used [0x00000000eab00000,0x00000000ec62b420,0x00000000ecd00000)
  from space 12800K, 87% used [0x00000000ecd00000,0x00000000ed7ffac8,0x00000000ed980000)
  to   space 11776K, 0% used [0x00000000eda80000,0x00000000eda80000,0x00000000ee600000)
 ParOldGen       total 82944K, used 53629K [0x00000000c0000000, 0x00000000c5100000, 0x00000000eab00000)
  object space 82944K, 64% used [0x00000000c0000000,0x00000000c345f578,0x00000000c5100000)
 Metaspace       used 66468K, committed 67712K, reserved 1114112K
  class space    used 7127K, committed 7744K, reserved 1048576K
GC Heap History (20 events):
Event: 909.492 GC heap before
{Heap before GC invocations=154 (full 6):
 PSYoungGen      total 33792K, used 33772K [0x00000000eab00000, 0x00000000ed500000, 0x0000000100000000)
  eden space 25600K, 100% used [0x00000000eab00000,0x00000000ec400000,0x00000000ec400000)
  from space 8192K, 99% used [0x00000000ec400000,0x00000000ecbfb0b8,0x00000000ecc00000)
  to   space 8704K, 0% used [0x00000000ecc80000,0x00000000ecc80000,0x00000000ed500000)
 ParOldGen       total 82944K, used 40962K [0x00000000c0000000, 0x00000000c5100000, 0x00000000eab00000)
  object space 82944K, 49% used [0x00000000c0000000,0x00000000c2800ba0,0x00000000c5100000)
 Metaspace       used 60906K, committed 62080K, reserved 1105920K
  class space    used 6592K, committed 7104K, reserved 1048576K
}
Event: 909.502 GC heap after
{Heap after GC invocations=154 (full 6):
 PSYoungGen      total 30208K, used 4152K [0x00000000eab00000, 0x00000000ed100000, 0x0000000100000000)
  eden space 25600K, 0% used [0x00000000eab00000,0x00000000eab00000,0x00000000ec400000)
  from space 4608K, 90% used [0x00000000ecc80000,0x00000000ed08e210,0x00000000ed100000)
  to   space 6144K, 0% used [0x00000000ec500000,0x00000000ec500000,0x00000000ecb00000)
 ParOldGen       total 82944K, used 40970K [0x00000000c0000000, 0x00000000c5100000, 0x00000000eab00000)
  object space 82944K, 49% used [0x00000000c0000000,0x00000000c2802ba0,0x00000000c5100000)
 Metaspace       used 60906K, committed 62080K, reserved 1105920K
  class space    used 6592K, committed 7104K, reserved 1048576K
}
Event: 909.697 GC heap before
{Heap before GC invocations=155 (full 6):
 PSYoungGen      total 30208K, used 29752K [0x00000000eab00000, 0x00000000ed100000, 0x0000000100000000)
  eden space 25600K, 100% used [0x00000000eab00000,0x00000000ec400000,0x00000000ec400000)
  from space 4608K, 90% used [0x00000000ecc80000,0x00000000ed08e210,0x00000000ed100000)
  to   space 6144K, 0% used [0x00000000ec500000,0x00000000ec500000,0x00000000ecb00000)
 ParOldGen       total 82944K, used 40970K [0x00000000c0000000, 0x00000000c5100000, 0x00000000eab00000)
  object space 82944K, 49% used [0x00000000c0000000,0x00000000c2802ba0,0x00000000c5100000)
 Metaspace       used 61430K, committed 62592K, reserved 1105920K
  class space    used 6649K, committed 7168K, reserved 1048576K
}
Event: 909.704 GC heap after
{Heap after GC invocations=155 (full 6):
 PSYoungGen      total 30720K, used 4632K [0x00000000eab00000, 0x00000000ece00000, 0x0000000100000000)
  eden space 25600K, 0% used [0x00000000eab00000,0x00000000eab00000,0x00000000ec400000)
  from space 5120K, 90% used [0x00000000ec500000,0x00000000ec986208,0x00000000eca00000)
  to   space 4096K, 0% used [0x00000000eca00000,0x00000000eca00000,0x00000000ece00000)
 ParOldGen       total 82944K, used 40978K [0x00000000c0000000, 0x00000000c5100000, 0x00000000eab00000)
  object space 82944K, 49% used [0x00000000c0000000,0x00000000c2804ba0,0x00000000c5100000)
 Metaspace       used 61430K, committed 62592K, reserved 1105920K
  class space    used 6649K, committed 7168K, reserved 1048576K
}
Event: 909.992 GC heap before
{Heap before GC invocations=156 (full 6):
 PSYoungGen      total 30720K, used 30227K [0x00000000eab00000, 0x00000000ece00000, 0x0000000100000000)
  eden space 25600K, 99% used [0x00000000eab00000,0x00000000ec3fed10,0x00000000ec400000)
  from space 5120K, 90% used [0x00000000ec500000,0x00000000ec986208,0x00000000eca00000)
  to   space 4096K, 0% used [0x00000000eca00000,0x00000000eca00000,0x00000000ece00000)
 ParOldGen       total 82944K, used 40978K [0x00000000c0000000, 0x00000000c5100000, 0x00000000eab00000)
  object space 82944K, 49% used [0x00000000c0000000,0x00000000c2804ba0,0x00000000c5100000)
 Metaspace       used 62470K, committed 63680K, reserved 1105920K
  class space    used 6702K, committed 7232K, reserved 1048576K
}
Event: 909.998 GC heap after
{Heap after GC invocations=156 (full 6):
 PSYoungGen      total 29696K, used 4085K [0x00000000eab00000, 0x00000000ed000000, 0x0000000100000000)
  eden space 25600K, 0% used [0x00000000eab00000,0x00000000eab00000,0x00000000ec400000)
  from space 4096K, 99% used [0x00000000eca00000,0x00000000ecdfd680,0x00000000ece00000)
  to   space 6144K, 0% used [0x00000000ec400000,0x00000000ec400000,0x00000000eca00000)
 ParOldGen       total 82944K, used 42509K [0x00000000c0000000, 0x00000000c5100000, 0x00000000eab00000)
  object space 82944K, 51% used [0x00000000c0000000,0x00000000c29836b0,0x00000000c5100000)
 Metaspace       used 62470K, committed 63680K, reserved 1105920K
  class space    used 6702K, committed 7232K, reserved 1048576K
}
Event: 910.118 GC heap before
{Heap before GC invocations=157 (full 6):
 PSYoungGen      total 29696K, used 29685K [0x00000000eab00000, 0x00000000ed000000, 0x0000000100000000)
  eden space 25600K, 100% used [0x00000000eab00000,0x00000000ec400000,0x00000000ec400000)
  from space 4096K, 99% used [0x00000000eca00000,0x00000000ecdfd680,0x00000000ece00000)
  to   space 6144K, 0% used [0x00000000ec400000,0x00000000ec400000,0x00000000eca00000)
 ParOldGen       total 82944K, used 42509K [0x00000000c0000000, 0x00000000c5100000, 0x00000000eab00000)
  object space 82944K, 51% used [0x00000000c0000000,0x00000000c29836b0,0x00000000c5100000)
 Metaspace       used 62982K, committed 64192K, reserved 1105920K
  class space    used 6756K, committed 7296K, reserved 1048576K
}
Event: 910.174 GC heap after
{Heap after GC invocations=157 (full 6):
 PSYoungGen      total 31744K, used 6135K [0x00000000eab00000, 0x00000000ed600000, 0x0000000100000000)
  eden space 25600K, 0% used [0x00000000eab00000,0x00000000eab00000,0x00000000ec400000)
  from space 6144K, 99% used [0x00000000ec400000,0x00000000ec9fded0,0x00000000eca00000)
  to   space 7680K, 0% used [0x00000000ece80000,0x00000000ece80000,0x00000000ed600000)
 ParOldGen       total 82944K, used 43325K [0x00000000c0000000, 0x00000000c5100000, 0x00000000eab00000)
  object space 82944K, 52% used [0x00000000c0000000,0x00000000c2a4f538,0x00000000c5100000)
 Metaspace       used 62982K, committed 64192K, reserved 1105920K
  class space    used 6756K, committed 7296K, reserved 1048576K
}
Event: 910.402 GC heap before
{Heap before GC invocations=158 (full 6):
 PSYoungGen      total 31744K, used 31735K [0x00000000eab00000, 0x00000000ed600000, 0x0000000100000000)
  eden space 25600K, 100% used [0x00000000eab00000,0x00000000ec400000,0x00000000ec400000)
  from space 6144K, 99% used [0x00000000ec400000,0x00000000ec9fded0,0x00000000eca00000)
  to   space 7680K, 0% used [0x00000000ece80000,0x00000000ece80000,0x00000000ed600000)
 ParOldGen       total 82944K, used 43325K [0x00000000c0000000, 0x00000000c5100000, 0x00000000eab00000)
  object space 82944K, 52% used [0x00000000c0000000,0x00000000c2a4f538,0x00000000c5100000)
 Metaspace       used 63563K, committed 64768K, reserved 1114112K
  class space    used 6820K, committed 7360K, reserved 1048576K
}
Event: 910.411 GC heap after
{Heap after GC invocations=158 (full 6):
 PSYoungGen      total 31232K, used 5502K [0x00000000eab00000, 0x00000000ed400000, 0x0000000100000000)
  eden space 25600K, 0% used [0x00000000eab00000,0x00000000eab00000,0x00000000ec400000)
  from space 5632K, 97% used [0x00000000ece80000,0x00000000ed3df910,0x00000000ed400000)
  to   space 6144K, 0% used [0x00000000ec800000,0x00000000ec800000,0x00000000ece00000)
 ParOldGen       total 82944K, used 44720K [0x00000000c0000000, 0x00000000c5100000, 0x00000000eab00000)
  object space 82944K, 53% used [0x00000000c0000000,0x00000000c2bac340,0x00000000c5100000)
 Metaspace       used 63563K, committed 64768K, reserved 1114112K
  class space    used 6820K, committed 7360K, reserved 1048576K
}
Event: 910.620 GC heap before
{Heap before GC invocations=159 (full 6):
 PSYoungGen      total 31232K, used 31102K [0x00000000eab00000, 0x00000000ed400000, 0x0000000100000000)
  eden space 25600K, 100% used [0x00000000eab00000,0x00000000ec400000,0x00000000ec400000)
  from space 5632K, 97% used [0x00000000ece80000,0x00000000ed3df910,0x00000000ed400000)
  to   space 6144K, 0% used [0x00000000ec800000,0x00000000ec800000,0x00000000ece00000)
 ParOldGen       total 82944K, used 44725K [0x00000000c0000000, 0x00000000c5100000, 0x00000000eab00000)
  object space 82944K, 53% used [0x00000000c0000000,0x00000000c2bad4e8,0x00000000c5100000)
 Metaspace       used 64392K, committed 65600K, reserved 1114112K
  class space    used 6904K, committed 7424K, reserved 1048576K
}
Event: 910.678 GC heap after
{Heap after GC invocations=159 (full 6):
 PSYoungGen      total 34816K, used 6127K [0x00000000eab00000, 0x00000000eda00000, 0x0000000100000000)
  eden space 28672K, 0% used [0x00000000eab00000,0x00000000eab00000,0x00000000ec700000)
  from space 6144K, 99% used [0x00000000ec800000,0x00000000ecdfbcc0,0x00000000ece00000)
  to   space 9728K, 0% used [0x00000000ed080000,0x00000000ed080000,0x00000000eda00000)
 ParOldGen       total 82944K, used 47420K [0x00000000c0000000, 0x00000000c5100000, 0x00000000eab00000)
  object space 82944K, 57% used [0x00000000c0000000,0x00000000c2e4f098,0x00000000c5100000)
 Metaspace       used 64392K, committed 65600K, reserved 1114112K
  class space    used 6904K, committed 7424K, reserved 1048576K
}
Event: 910.796 GC heap before
{Heap before GC invocations=160 (full 6):
 PSYoungGen      total 34816K, used 34799K [0x00000000eab00000, 0x00000000eda00000, 0x0000000100000000)
  eden space 28672K, 100% used [0x00000000eab00000,0x00000000ec700000,0x00000000ec700000)
  from space 6144K, 99% used [0x00000000ec800000,0x00000000ecdfbcc0,0x00000000ece00000)
  to   space 9728K, 0% used [0x00000000ed080000,0x00000000ed080000,0x00000000eda00000)
 ParOldGen       total 82944K, used 47420K [0x00000000c0000000, 0x00000000c5100000, 0x00000000eab00000)
  object space 82944K, 57% used [0x00000000c0000000,0x00000000c2e4f098,0x00000000c5100000)
 Metaspace       used 64460K, committed 65664K, reserved 1114112K
  class space    used 6914K, committed 7424K, reserved 1048576K
}
Event: 910.805 GC heap after
{Heap after GC invocations=160 (full 6):
 PSYoungGen      total 38400K, used 9290K [0x00000000eab00000, 0x00000000edd80000, 0x0000000100000000)
  eden space 28672K, 0% used [0x00000000eab00000,0x00000000eab00000,0x00000000ec700000)
  from space 9728K, 95% used [0x00000000ed080000,0x00000000ed992898,0x00000000eda00000)
  to   space 9728K, 0% used [0x00000000ec700000,0x00000000ec700000,0x00000000ed080000)
 ParOldGen       total 82944K, used 47436K [0x00000000c0000000, 0x00000000c5100000, 0x00000000eab00000)
  object space 82944K, 57% used [0x00000000c0000000,0x00000000c2e53098,0x00000000c5100000)
 Metaspace       used 64460K, committed 65664K, reserved 1114112K
  class space    used 6914K, committed 7424K, reserved 1048576K
}
Event: 911.017 GC heap before
{Heap before GC invocations=161 (full 6):
 PSYoungGen      total 38400K, used 37962K [0x00000000eab00000, 0x00000000edd80000, 0x0000000100000000)
  eden space 28672K, 100% used [0x00000000eab00000,0x00000000ec700000,0x00000000ec700000)
  from space 9728K, 95% used [0x00000000ed080000,0x00000000ed992898,0x00000000eda00000)
  to   space 9728K, 0% used [0x00000000ec700000,0x00000000ec700000,0x00000000ed080000)
 ParOldGen       total 82944K, used 47459K [0x00000000c0000000, 0x00000000c5100000, 0x00000000eab00000)
  object space 82944K, 57% used [0x00000000c0000000,0x00000000c2e58df0,0x00000000c5100000)
 Metaspace       used 64601K, committed 65856K, reserved 1114112K
  class space    used 6932K, committed 7488K, reserved 1048576K
}
Event: 911.080 GC heap after
{Heap after GC invocations=161 (full 6):
 PSYoungGen      total 38400K, used 9700K [0x00000000eab00000, 0x00000000eea00000, 0x0000000100000000)
  eden space 28672K, 0% used [0x00000000eab00000,0x00000000eab00000,0x00000000ec700000)
  from space 9728K, 99% used [0x00000000ec700000,0x00000000ed079250,0x00000000ed080000)
  to   space 15872K, 0% used [0x00000000eda80000,0x00000000eda80000,0x00000000eea00000)
 ParOldGen       total 82944K, used 52447K [0x00000000c0000000, 0x00000000c5100000, 0x00000000eab00000)
  object space 82944K, 63% used [0x00000000c0000000,0x00000000c3337fc0,0x00000000c5100000)
 Metaspace       used 64601K, committed 65856K, reserved 1114112K
  class space    used 6932K, committed 7488K, reserved 1048576K
}
Event: 911.317 GC heap before
{Heap before GC invocations=162 (full 6):
 PSYoungGen      total 38400K, used 38372K [0x00000000eab00000, 0x00000000eea00000, 0x0000000100000000)
  eden space 28672K, 100% used [0x00000000eab00000,0x00000000ec700000,0x00000000ec700000)
  from space 9728K, 99% used [0x00000000ec700000,0x00000000ed079250,0x00000000ed080000)
  to   space 15872K, 0% used [0x00000000eda80000,0x00000000eda80000,0x00000000eea00000)
 ParOldGen       total 82944K, used 52447K [0x00000000c0000000, 0x00000000c5100000, 0x00000000eab00000)
  object space 82944K, 63% used [0x00000000c0000000,0x00000000c3337fc0,0x00000000c5100000)
 Metaspace       used 64946K, committed 66112K, reserved 1114112K
  class space    used 6959K, committed 7488K, reserved 1048576K
}
Event: 911.391 GC heap after
{Heap after GC invocations=162 (full 6):
 PSYoungGen      total 44544K, used 11690K [0x00000000eab00000, 0x00000000ee600000, 0x0000000100000000)
  eden space 32768K, 0% used [0x00000000eab00000,0x00000000eab00000,0x00000000ecb00000)
  from space 11776K, 99% used [0x00000000eda80000,0x00000000ee5ea850,0x00000000ee600000)
  to   space 12800K, 0% used [0x00000000ecd00000,0x00000000ecd00000,0x00000000ed980000)
 ParOldGen       total 82944K, used 52511K [0x00000000c0000000, 0x00000000c5100000, 0x00000000eab00000)
  object space 82944K, 63% used [0x00000000c0000000,0x00000000c3347fc0,0x00000000c5100000)
 Metaspace       used 64946K, committed 66112K, reserved 1114112K
  class space    used 6959K, committed 7488K, reserved 1048576K
}
Event: 911.906 GC heap before
{Heap before GC invocations=163 (full 6):
 PSYoungGen      total 44544K, used 44458K [0x00000000eab00000, 0x00000000ee600000, 0x0000000100000000)
  eden space 32768K, 100% used [0x00000000eab00000,0x00000000ecb00000,0x00000000ecb00000)
  from space 11776K, 99% used [0x00000000eda80000,0x00000000ee5ea850,0x00000000ee600000)
  to   space 12800K, 0% used [0x00000000ecd00000,0x00000000ecd00000,0x00000000ed980000)
 ParOldGen       total 82944K, used 52511K [0x00000000c0000000, 0x00000000c5100000, 0x00000000eab00000)
  object space 82944K, 63% used [0x00000000c0000000,0x00000000c3347fc0,0x00000000c5100000)
 Metaspace       used 65291K, committed 66432K, reserved 1114112K
  class space    used 6988K, committed 7488K, reserved 1048576K
}
Event: 911.915 GC heap after
{Heap after GC invocations=163 (full 6):
 PSYoungGen      total 47616K, used 11262K [0x00000000eab00000, 0x00000000ee600000, 0x0000000100000000)
  eden space 34816K, 0% used [0x00000000eab00000,0x00000000eab00000,0x00000000ecd00000)
  from space 12800K, 87% used [0x00000000ecd00000,0x00000000ed7ffac8,0x00000000ed980000)
  to   space 11776K, 0% used [0x00000000eda80000,0x00000000eda80000,0x00000000ee600000)
 ParOldGen       total 82944K, used 53629K [0x00000000c0000000, 0x00000000c5100000, 0x00000000eab00000)
  object space 82944K, 64% used [0x00000000c0000000,0x00000000c345f578,0x00000000c5100000)
 Metaspace       used 65291K, committed 66432K, reserved 1114112K
  class space    used 6988K, committed 7488K, reserved 1048576K
}

