# JRE version: OpenJDK Runtime Environment Temurin-17.0.3+7 (17.0.3+7) (build 17.0.3+7)
# Java VM: OpenJDK 64-Bit Server VM Temurin-17.0.3+7 (17.0.3+7, mixed mode, sharing, tiered, compressed oops, compressed class ptrs, parallel gc, linux-amd64)
GC Precious Log:
 CPUs: 2 total, 2 available
 Memory: 1536M
 Large Page Support: Disabled
 NUMA Support: Disabled
 Compressed Oops: Enabled (32-bit)
 Alignments: Space 512K, Generation 512K, Heap 2M
 Heap Min Capacity: 100M
 Heap Initial Capacity: 100M
 Heap Max Capacity: 1G
 Pre-touch: Disabled
 Parallel Workers: 2
Heap:
 PSYoungGen      total 5632K, used 2541K [0x00000000eab00000, 0x00000000eb400000, 0x0000000100000000)
  eden space 3072K, 0% used [0x00000000eab00000,0x00000000eab00000,0x00000000eae00000)
  from space 2560K, 99% used [0x00000000eb180000,0x00000000eb3fb4b8,0x00000000eb400000)
  to   space 3584K, 0% used [0x00000000eae00000,0x00000000eae00000,0x00000000eb180000)
 ParOldGen       total 129024K, used 85631K [0x00000000c0000000, 0x00000000c7e00000, 0x00000000eab00000)
  object space 129024K, 66% used [0x00000000c0000000,0x00000000c539ff68,0x00000000c7e00000)
 Metaspace       used 73617K, committed 74944K, reserved 1122304K
  class space    used 7372K, committed 8000K, reserved 1048576K
GC Heap History (20 events):
Event: 1449.800 GC heap after
{Heap after GC invocations=513 (full 25):
 PSYoungGen      total 1536K, used 512K [0x00000000eab00000, 0x00000000eae00000, 0x0000000100000000)
  eden space 1024K, 0% used [0x00000000eab00000,0x00000000eab00000,0x00000000eac00000)
  from space 512K, 100% used [0x00000000ead80000,0x00000000eae00000,0x00000000eae00000)
  to   space 1024K, 0% used [0x00000000eac00000,0x00000000eac00000,0x00000000ead00000)
 ParOldGen       total 129024K, used 69944K [0x00000000c0000000, 0x00000000c7e00000, 0x00000000eab00000)
  object space 129024K, 54% used [0x00000000c0000000,0x00000000c444e2b0,0x00000000c7e00000)
 Metaspace       used 73615K, committed 74944K, reserved 1122304K
  class space    used 7372K, committed 8000K, reserved 1048576K
}
Event: 1454.795 GC heap before
{Heap before GC invocations=514 (full 25):
 PSYoungGen      total 1536K, used 1536K [0x00000000eab00000, 0x00000000eae00000, 0x0000000100000000)
  eden space 1024K, 100% used [0x00000000eab00000,0x00000000eac00000,0x00000000eac00000)
  from space 512K, 100% used [0x00000000ead80000,0x00000000eae00000,0x00000000eae00000)
  to   space 1024K, 0% used [0x00000000eac00000,0x00000000eac00000,0x00000000ead00000)
 ParOldGen       total 129024K, used 69944K [0x00000000c0000000, 0x00000000c7e00000, 0x00000000eab00000)
  object space 129024K, 54% used [0x00000000c0000000,0x00000000c444e2b0,0x00000000c7e00000)
 Metaspace       used 73616K, committed 74944K, reserved 1122304K
  class space    used 7372K, committed 8000K, reserved 1048576K
}
Event: 1457.098 GC heap after
{Heap after GC invocations=514 (full 25):
 PSYoungGen      total 2048K, used 1024K [0x00000000eab00000, 0x00000000eaf80000, 0x0000000100000000)
  eden space 1024K, 0% used [0x00000000eab00000,0x00000000eab00000,0x00000000eac00000)
  from space 1024K, 100% used [0x00000000eac00000,0x00000000ead00000,0x00000000ead00000)
  to   space 1536K, 0% used [0x00000000eae00000,0x00000000eae00000,0x00000000eaf80000)
 ParOldGen       total 129024K, used 70432K [0x00000000c0000000, 0x00000000c7e00000, 0x00000000eab00000)
  object space 129024K, 54% used [0x00000000c0000000,0x00000000c44c82b0,0x00000000c7e00000)
 Metaspace       used 73616K, committed 74944K, reserved 1122304K
  class space    used 7372K, committed 8000K, reserved 1048576K
}
Event: 1457.709 GC heap before
{Heap before GC invocations=515 (full 25):
 PSYoungGen      total 2048K, used 2048K [0x00000000eab00000, 0x00000000eaf80000, 0x0000000100000000)
  eden space 1024K, 100% used [0x00000000eab00000,0x00000000eac00000,0x00000000eac00000)
  from space 1024K, 100% used [0x00000000eac00000,0x00000000ead00000,0x00000000ead00000)
  to   space 1536K, 0% used [0x00000000eae00000,0x00000000eae00000,0x00000000eaf80000)
 ParOldGen       total 129024K, used 70432K [0x00000000c0000000, 0x00000000c7e00000, 0x00000000eab00000)
  object space 129024K, 54% used [0x00000000c0000000,0x00000000c44c82b0,0x00000000c7e00000)
 Metaspace       used 73616K, committed 74944K, reserved 1122304K
  class space    used 7372K, committed 8000K, reserved 1048576K
}
Event: 1459.587 GC heap after
{Heap after GC invocations=515 (full 25):
 PSYoungGen      total 3072K, used 1024K [0x00000000eab00000, 0x00000000eaf80000, 0x0000000100000000)
  eden space 1536K, 0% used [0x00000000eab00000,0x00000000eab00000,0x00000000eac80000)
  from space 1536K, 66% used [0x00000000eae00000,0x00000000eaf00000,0x00000000eaf80000)
  to   space 1536K, 0% used [0x00000000eac80000,0x00000000eac80000,0x00000000eae00000)
 ParOldGen       total 129024K, used 71424K [0x00000000c0000000, 0x00000000c7e00000, 0x00000000eab00000)
  object space 129024K, 55% used [0x00000000c0000000,0x00000000c45c02b0,0x00000000c7e00000)
 Metaspace       used 73616K, committed 74944K, reserved 1122304K
  class space    used 7372K, committed 8000K, reserved 1048576K
}
Event: 1460.095 GC heap before
{Heap before GC invocations=516 (full 25):
 PSYoungGen      total 3072K, used 2560K [0x00000000eab00000, 0x00000000eaf80000, 0x0000000100000000)
  eden space 1536K, 100% used [0x00000000eab00000,0x00000000eac80000,0x00000000eac80000)
  from space 1536K, 66% used [0x00000000eae00000,0x00000000eaf00000,0x00000000eaf80000)
  to   space 1536K, 0% used [0x00000000eac80000,0x00000000eac80000,0x00000000eae00000)
 ParOldGen       total 129024K, used 71424K [0x00000000c0000000, 0x00000000c7e00000, 0x00000000eab00000)
  object space 129024K, 55% used [0x00000000c0000000,0x00000000c45c02b0,0x00000000c7e00000)
 Metaspace       used 73616K, committed 74944K, reserved 1122304K
  class space    used 7372K, committed 8000K, reserved 1048576K
}
Event: 1460.497 GC heap after
{Heap after GC invocations=516 (full 25):
 PSYoungGen      total 3072K, used 1536K [0x00000000eab00000, 0x00000000eb100000, 0x0000000100000000)
  eden space 1536K, 0% used [0x00000000eab00000,0x00000000eab00000,0x00000000eac80000)
  from space 1536K, 100% used [0x00000000eac80000,0x00000000eae00000,0x00000000eae00000)
  to   space 2048K, 0% used [0x00000000eaf00000,0x00000000eaf00000,0x00000000eb100000)
 ParOldGen       total 129024K, used 72424K [0x00000000c0000000, 0x00000000c7e00000, 0x00000000eab00000)
  object space 129024K, 56% used [0x00000000c0000000,0x00000000c46ba2b0,0x00000000c7e00000)
 Metaspace       used 73616K, committed 74944K, reserved 1122304K
  class space    used 7372K, committed 8000K, reserved 1048576K
}
Event: 1461.009 GC heap before
{Heap before GC invocations=517 (full 25):
 PSYoungGen      total 3072K, used 3072K [0x00000000eab00000, 0x00000000eb100000, 0x0000000100000000)
  eden space 1536K, 100% used [0x00000000eab00000,0x00000000eac80000,0x00000000eac80000)
  from space 1536K, 100% used [0x00000000eac80000,0x00000000eae00000,0x00000000eae00000)
  to   space 2048K, 0% used [0x00000000eaf00000,0x00000000eaf00000,0x00000000eb100000)
 ParOldGen       total 129024K, used 72424K [0x00000000c0000000, 0x00000000c7e00000, 0x00000000eab00000)
  object space 129024K, 56% used [0x00000000c0000000,0x00000000c46ba2b0,0x00000000c7e00000)
 Metaspace       used 73616K, committed 74944K, reserved 1122304K
  class space    used 7372K, committed 8000K, reserved 1048576K
}
Event: 1461.311 GC heap after
{Heap after GC invocations=517 (full 25):
 PSYoungGen      total 4096K, used 1536K [0x00000000eab00000, 0x00000000eb100000, 0x0000000100000000)
  eden space 2048K, 0% used [0x00000000eab00000,0x00000000eab00000,0x00000000ead00000)
  from space 2048K, 75% used [0x00000000eaf00000,0x00000000eb080000,0x00000000eb100000)
  to   space 2048K, 0% used [0x00000000ead00000,0x00000000ead00000,0x00000000eaf00000)
 ParOldGen       total 129024K, used 73944K [0x00000000c0000000, 0x00000000c7e00000, 0x00000000eab00000)
  object space 129024K, 57% used [0x00000000c0000000,0x00000000c48362b0,0x00000000c7e00000)
 Metaspace       used 73616K, committed 74944K, reserved 1122304K
  class space    used 7372K, committed 8000K, reserved 1048576K
}
Event: 1462.012 GC heap before
{Heap before GC invocations=518 (full 25):
 PSYoungGen      total 4096K, used 3469K [0x00000000eab00000, 0x00000000eb100000, 0x0000000100000000)
  eden space 2048K, 94% used [0x00000000eab00000,0x00000000eace35b0,0x00000000ead00000)
  from space 2048K, 75% used [0x00000000eaf00000,0x00000000eb080000,0x00000000eb100000)
  to   space 2048K, 0% used [0x00000000ead00000,0x00000000ead00000,0x00000000eaf00000)
 ParOldGen       total 129024K, used 73944K [0x00000000c0000000, 0x00000000c7e00000, 0x00000000eab00000)
  object space 129024K, 57% used [0x00000000c0000000,0x00000000c48362b0,0x00000000c7e00000)
 Metaspace       used 73616K, committed 74944K, reserved 1122304K
  class space    used 7372K, committed 8000K, reserved 1048576K
}
Event: 1464.414 GC heap after
{Heap after GC invocations=518 (full 25):
 PSYoungGen      total 4096K, used 1656K [0x00000000eab00000, 0x00000000eb180000, 0x0000000100000000)
  eden space 2048K, 0% used [0x00000000eab00000,0x00000000eab00000,0x00000000ead00000)
  from space 2048K, 80% used [0x00000000ead00000,0x00000000eae9e000,0x00000000eaf00000)
  to   space 2048K, 0% used [0x00000000eaf80000,0x00000000eaf80000,0x00000000eb180000)
 ParOldGen       total 129024K, used 75464K [0x00000000c0000000, 0x00000000c7e00000, 0x00000000eab00000)
  object space 129024K, 58% used [0x00000000c0000000,0x00000000c49b22b0,0x00000000c7e00000)
 Metaspace       used 73616K, committed 74944K, reserved 1122304K
  class space    used 7372K, committed 8000K, reserved 1048576K
}
Event: 1465.889 GC heap before
{Heap before GC invocations=519 (full 25):
 PSYoungGen      total 4096K, used 3704K [0x00000000eab00000, 0x00000000eb180000, 0x0000000100000000)
  eden space 2048K, 100% used [0x00000000eab00000,0x00000000ead00000,0x00000000ead00000)
  from space 2048K, 80% used [0x00000000ead00000,0x00000000eae9e000,0x00000000eaf00000)
  to   space 2048K, 0% used [0x00000000eaf80000,0x00000000eaf80000,0x00000000eb180000)
 ParOldGen       total 129024K, used 75464K [0x00000000c0000000, 0x00000000c7e00000, 0x00000000eab00000)
  object space 129024K, 58% used [0x00000000c0000000,0x00000000c49b22b0,0x00000000c7e00000)
 Metaspace       used 73616K, committed 74944K, reserved 1122304K
  class space    used 7372K, committed 8000K, reserved 1048576K
}
Event: 1468.001 GC heap after
{Heap after GC invocations=519 (full 25):
 PSYoungGen      total 4608K, used 1744K [0x00000000eab00000, 0x00000000eb180000, 0x0000000100000000)
  eden space 2560K, 0% used [0x00000000eab00000,0x00000000eab00000,0x00000000ead80000)
  from space 2048K, 85% used [0x00000000eaf80000,0x00000000eb134000,0x00000000eb180000)
  to   space 2048K, 0% used [0x00000000ead80000,0x00000000ead80000,0x00000000eaf80000)
 ParOldGen       total 129024K, used 76608K [0x00000000c0000000, 0x00000000c7e00000, 0x00000000eab00000)
  object space 129024K, 59% used [0x00000000c0000000,0x00000000c4ad02b0,0x00000000c7e00000)
 Metaspace       used 73616K, committed 74944K, reserved 1122304K
  class space    used 7372K, committed 8000K, reserved 1048576K
}
Event: 1472.594 GC heap before
{Heap before GC invocations=520 (full 25):
 PSYoungGen      total 4608K, used 4304K [0x00000000eab00000, 0x00000000eb180000, 0x0000000100000000)
  eden space 2560K, 100% used [0x00000000eab00000,0x00000000ead80000,0x00000000ead80000)
  from space 2048K, 85% used [0x00000000eaf80000,0x00000000eb134000,0x00000000eb180000)
  to   space 2048K, 0% used [0x00000000ead80000,0x00000000ead80000,0x00000000eaf80000)
 ParOldGen       total 129024K, used 76608K [0x00000000c0000000, 0x00000000c7e00000, 0x00000000eab00000)
  object space 129024K, 59% used [0x00000000c0000000,0x00000000c4ad02b0,0x00000000c7e00000)
 Metaspace       used 73616K, committed 74944K, reserved 1122304K
  class space    used 7372K, committed 8000K, reserved 1048576K
}
Event: 1474.112 GC heap after
{Heap after GC invocations=520 (full 25):
 PSYoungGen      total 4608K, used 2031K [0x00000000eab00000, 0x00000000eb700000, 0x0000000100000000)
  eden space 2560K, 0% used [0x00000000eab00000,0x00000000eab00000,0x00000000ead80000)
  from space 2048K, 99% used [0x00000000ead80000,0x00000000eaf7bd00,0x00000000eaf80000)
  to   space 4608K, 0% used [0x00000000eb280000,0x00000000eb280000,0x00000000eb700000)
 ParOldGen       total 129024K, used 78720K [0x00000000c0000000, 0x00000000c7e00000, 0x00000000eab00000)
  object space 129024K, 61% used [0x00000000c0000000,0x00000000c4ce02b0,0x00000000c7e00000)
 Metaspace       used 73616K, committed 74944K, reserved 1122304K
  class space    used 7372K, committed 8000K, reserved 1048576K
}
Event: 1479.494 GC heap before
{Heap before GC invocations=521 (full 25):
 PSYoungGen      total 4608K, used 4591K [0x00000000eab00000, 0x00000000eb700000, 0x0000000100000000)
  eden space 2560K, 100% used [0x00000000eab00000,0x00000000ead80000,0x00000000ead80000)
  from space 2048K, 99% used [0x00000000ead80000,0x00000000eaf7bd00,0x00000000eaf80000)
  to   space 4608K, 0% used [0x00000000eb280000,0x00000000eb280000,0x00000000eb700000)
 ParOldGen       total 129024K, used 78720K [0x00000000c0000000, 0x00000000c7e00000, 0x00000000eab00000)
  object space 129024K, 61% used [0x00000000c0000000,0x00000000c4ce02b0,0x00000000c7e00000)
 Metaspace       used 73617K, committed 74944K, reserved 1122304K
  class space    used 7372K, committed 8000K, reserved 1048576K
}
Event: 1480.804 GC heap after
{Heap after GC invocations=521 (full 25):
 PSYoungGen      total 5632K, used 2528K [0x00000000eab00000, 0x00000000eb500000, 0x0000000100000000)
  eden space 3072K, 0% used [0x00000000eab00000,0x00000000eab00000,0x00000000eae00000)
  from space 2560K, 98% used [0x00000000eb280000,0x00000000eb4f8000,0x00000000eb500000)
  to   space 3584K, 0% used [0x00000000eae00000,0x00000000eae00000,0x00000000eb180000)
 ParOldGen       total 129024K, used 80775K [0x00000000c0000000, 0x00000000c7e00000, 0x00000000eab00000)
  object space 129024K, 62% used [0x00000000c0000000,0x00000000c4ee1fb0,0x00000000c7e00000)
 Metaspace       used 73617K, committed 74944K, reserved 1122304K
  class space    used 7372K, committed 8000K, reserved 1048576K
}
Event: 1484.008 GC heap before
{Heap before GC invocations=522 (full 25):
 PSYoungGen      total 5632K, used 5599K [0x00000000eab00000, 0x00000000eb500000, 0x0000000100000000)
  eden space 3072K, 99% used [0x00000000eab00000,0x00000000eadffff8,0x00000000eae00000)
  from space 2560K, 98% used [0x00000000eb280000,0x00000000eb4f8000,0x00000000eb500000)
  to   space 3584K, 0% used [0x00000000eae00000,0x00000000eae00000,0x00000000eb180000)
 ParOldGen       total 129024K, used 80775K [0x00000000c0000000, 0x00000000c7e00000, 0x00000000eab00000)
  object space 129024K, 62% used [0x00000000c0000000,0x00000000c4ee1fb0,0x00000000c7e00000)
 Metaspace       used 73617K, committed 74944K, reserved 1122304K
  class space    used 7372K, committed 8000K, reserved 1048576K
}
Event: 1487.011 GC heap after
{Heap after GC invocations=522 (full 25):
 PSYoungGen      total 6656K, used 2272K [0x00000000eab00000, 0x00000000eb400000, 0x0000000100000000)
  eden space 3072K, 0% used [0x00000000eab00000,0x00000000eab00000,0x00000000eae00000)
  from space 3584K, 63% used [0x00000000eae00000,0x00000000eb038000,0x00000000eb180000)
  to   space 2560K, 0% used [0x00000000eb180000,0x00000000eb180000,0x00000000eb400000)
 ParOldGen       total 129024K, used 83287K [0x00000000c0000000, 0x00000000c7e00000, 0x00000000eab00000)
  object space 129024K, 64% used [0x00000000c0000000,0x00000000c5155fb0,0x00000000c7e00000)
 Metaspace       used 73617K, committed 74944K, reserved 1122304K
  class space    used 7372K, committed 8000K, reserved 1048576K
}
Event: 1501.807 GC heap before
{Heap before GC invocations=523 (full 25):
 PSYoungGen      total 6656K, used 5337K [0x00000000eab00000, 0x00000000eb400000, 0x0000000100000000)
  eden space 3072K, 99% used [0x00000000eab00000,0x00000000eadfe7d8,0x00000000eae00000)
  from space 3584K, 63% used [0x00000000eae00000,0x00000000eb038000,0x00000000eb180000)
  to   space 2560K, 0% used [0x00000000eb180000,0x00000000eb180000,0x00000000eb400000)
 ParOldGen       total 129024K, used 83287K [0x00000000c0000000, 0x00000000c7e00000, 0x00000000eab00000)
  object space 129024K, 64% used [0x00000000c0000000,0x00000000c5155fb0,0x00000000c7e00000)
 Metaspace       used 73617K, committed 74944K, reserved 1122304K
  class space    used 7372K, committed 8000K, reserved 1048576K
}

